<?xml version="1.0" encoding="UTF-8"?>
<!-- Generated by org.testng.reporters.JUnitReportReporter -->
<testsuite ignored="0" hostname="L-HPLZ633" failures="0" tests="1" name="com.svb.ic.myRunner.TestRunner" time="34.299" errors="0" timestamp="19 Aug 2020 20:47:10 GMT" skipped="0">
  <testcase classname="com.svb.ic.myRunner.TestRunner" name="feature" time="34.299"/>
</testsuite> <!-- com.svb.ic.myRunner.TestRunner -->
