<?xml version="1.0" encoding="UTF-8"?>
<!-- Generated by org.testng.reporters.JUnitReportReporter -->
<testsuite ignored="0" hostname="L-HPLZ633" failures="0" tests="1" name="com.svb.ic.myRunner.TestRunner" time="35.967" errors="0" timestamp="31 Aug 2020 19:43:01 GMT" skipped="0">
  <testcase classname="com.svb.ic.myRunner.TestRunner" name="feature" time="35.967"/>
</testsuite> <!-- com.svb.ic.myRunner.TestRunner -->
