<?xml version="1.0" encoding="UTF-8"?><testsuite failures="0" name="cucumber.runtime.formatter.JUnitFormatter" skipped="0" tests="2" time="31.857749">
<testcase classname="Test Login Functionality" name="Check Login with valid credentials" time="17.377075">
<system-out><![CDATA[Given invest cloud login page url...........................................passed
When user enter username and password.......................................passed
And Clicks on login button..................................................passed
Then user is navigated to home page.........................................passed
]]></system-out>
</testcase>
<testcase classname="Test Login Functionality" name="Check Login with invalid credentials" time="14.480674">
<system-out><![CDATA[Given invest cloud login page url...........................................passed
When enter invalid username and password....................................passed
And Clicks on login button..................................................passed
Then user  get error message................................................passed
]]></system-out>
</testcase>
</testsuite>
